2022-05-30 10:44:57.603 | INFO     | __main__:<module>:11 - hello world
2022-05-30 10:44:57.603 | DEBUG    | __main__:<module>:12 - 这是一条debug日志
2022-05-30 10:44:57.603 | ERROR    | __main__:<module>:13 - 这是一条error日志
2022-05-30 10:44:57.604 | WARNING  | __main__:<module>:14 - 这是一条warning日志
2022-05-30 10:44:57.604 | INFO     | __main__:<module>:15 - 这是一条info日志
2022-05-30T10:47:48.013155+0800 INFO hello world
2022-05-30T10:47:48.013155+0800 DEBUG 这是一条debug日志
2022-05-30T10:47:48.013155+0800 ERROR 这是一条error日志
2022-05-30T10:47:48.014152+0800 WARNING 这是一条warning日志
2022-05-30T10:47:48.014152+0800 INFO 这是一条info日志
2022-05-30T10:58:26.902877+0800 INFO hello world
2022-05-30T10:58:26.902877+0800 DEBUG 这是一条debug日志
2022-05-30T10:58:26.902877+0800 ERROR 这是一条error日志
2022-05-30T10:58:26.903880+0800 WARNING 这是一条warning日志
2022-05-30T10:58:26.903880+0800 INFO 这是一条info日志
2022-05-30T10:59:21.563999+0800 INFO hello world
2022-05-30T10:59:21.563999+0800 DEBUG 这是一条debug日志
2022-05-30T10:59:21.563999+0800 ERROR 这是一条error日志
2022-05-30T10:59:21.563999+0800 WARNING 这是一条warning日志
2022-05-30T10:59:21.563999+0800 INFO 这是一条info日志
2022-05-30T10:59:21.564997+0800 INFO 我的名字是张三，今天周一
2022-05-30T10:59:47.624745+0800 INFO hello world
2022-05-30T10:59:47.625762+0800 DEBUG 这是一条debug日志
2022-05-30T10:59:47.625762+0800 ERROR 这是一条error日志
2022-05-30T10:59:47.626724+0800 WARNING 这是一条warning日志
2022-05-30T10:59:47.626724+0800 INFO 这是一条info日志
2022-05-30T10:59:47.626724+0800 INFO 我的名字是张三，今天周一
2022-05-30T14:19:03.058083+0800 INFO hello world
2022-05-30T14:19:03.059050+0800 DEBUG 这是一条debug日志
2022-05-30T14:19:03.059141+0800 ERROR 这是一条error日志
2022-05-30T14:19:03.059141+0800 WARNING 这是一条warning日志
2022-05-30T14:19:03.059141+0800 INFO 这是一条info日志
2022-05-30T14:19:03.059141+0800 INFO 我的名字是张三，今天周一
2022-05-30T14:23:40.726482+0800 INFO hello world
2022-05-30T14:23:40.727477+0800 DEBUG 这是一条debug日志
2022-05-30T14:23:40.727477+0800 ERROR 这是一条error日志
2022-05-30T14:23:40.727477+0800 WARNING 这是一条warning日志
2022-05-30T14:23:40.727477+0800 INFO 这是一条info日志
2022-05-30T14:23:40.727477+0800 INFO 我的名字是张三，今天周一
2022-05-30T14:26:05.604485+0800 INFO hello world
2022-05-30T14:26:05.604485+0800 DEBUG 这是一条debug日志
2022-05-30T14:26:05.604485+0800 ERROR 这是一条error日志
2022-05-30T14:26:05.604485+0800 WARNING 这是一条warning日志
2022-05-30T14:26:05.605482+0800 INFO 这是一条info日志
2022-05-30T14:26:05.605482+0800 INFO 我的名字是张三，今天周一
2022-05-30T14:37:47.327729+0800 INFO hello world
2022-05-30T14:37:47.328726+0800 DEBUG 这是一条debug日志
2022-05-30T14:37:47.328726+0800 ERROR 这是一条error日志
2022-05-30T14:37:47.328726+0800 WARNING 这是一条warning日志
2022-05-30T14:37:47.328726+0800 INFO 这是一条info日志
2022-05-30T14:37:47.328726+0800 INFO 我的名字是张三，今天周一
